<?xml version="1.0" encoding="UTF-8"?>
<!-- Generated by org.testng.reporters.JUnitReportReporter -->
<testsuite hostname="DESKTOP-FQHLV6B" failures="0" tests="1" name="datadriven.data" time="0.025" errors="0" timestamp="04 Aug 2022 10:42:07 GMT" skipped="0">
  <testcase classname="datadriven.data" name="datatest" time="0.025"/>
</testsuite> <!-- datadriven.data -->
