<?xml version="1.0" encoding="UTF-8"?>
<!-- Generated by org.testng.reporters.JUnitReportReporter -->
<testsuite skipped="0" hostname="DESKTOP-FQHLV6B" name="com.crm.VTiger.TestCases.OrganizationTest" tests="2" failures="0" timestamp="2022-09-07T21:22:37 IST" time="37.359" errors="0">
  <testcase name="createOrg" time="18.358" classname="com.crm.VTiger.TestCases.OrganizationTest"/>
  <system-out/>
  <testcase name="createOrgWithIndus" time="19.001" classname="com.crm.VTiger.TestCases.OrganizationTest"/>
  <system-out/>
</testsuite> <!-- com.crm.VTiger.TestCases.OrganizationTest -->
