<?xml version="1.0" encoding="UTF-8"?>
<!-- Generated by org.testng.reporters.JUnitReportReporter -->
<testsuite skipped="0" hostname="DESKTOP-FQHLV6B" name="com.crm.VTiger.TestCases.PurchaseOrderTest" tests="1" failures="0" timestamp="2022-09-16T10:45:42 IST" time="22.584" errors="0">
  <testcase name="withoutItems" time="22.584" classname="com.crm.VTiger.TestCases.PurchaseOrderTest"/>
  <system-out/>
</testsuite> <!-- com.crm.VTiger.TestCases.PurchaseOrderTest -->
