<?xml version="1.0" encoding="UTF-8"?>
<!-- Generated by org.testng.reporters.JUnitReportReporter -->
<testsuite hostname="DESKTOP-FQHLV6B" failures="0" tests="1" name="com.crm.VTiger.TestCases.Testcase3" time="33.670" errors="0" timestamp="18 Aug 2022 04:25:07 GMT" skipped="0">
  <testcase classname="com.crm.VTiger.TestCases.Testcase3" name="testcase3" time="33.670"/>
</testsuite> <!-- com.crm.VTiger.TestCases.Testcase3 -->
