<?xml version="1.0" encoding="UTF-8"?>
<!-- Generated by org.testng.reporters.JUnitReportReporter -->
<testsuite hostname="DESKTOP-FQHLV6B" failures="0" tests="1" name="practisePackage.ReadingDataFromJsonTest" time="0.057" errors="0" timestamp="05 Aug 2022 15:36:57 GMT" skipped="0">
  <testcase classname="practisePackage.ReadingDataFromJsonTest" name="jsonFilereading" time="0.057"/>
</testsuite> <!-- practisePackage.ReadingDataFromJsonTest -->
