<?xml version="1.0" encoding="UTF-8"?>
<!-- Generated by org.testng.reporters.JUnitReportReporter -->
<testsuite skipped="0" hostname="DESKTOP-FQHLV6B" name="genericLirbrary.JavaUtility" tests="1" failures="0" timestamp="2022-09-08T16:18:17 IST" time="0.042" errors="0">
  <testcase name="manageDate" time="0.042" classname="genericLirbrary.JavaUtility"/>
  <system-out/>
</testsuite> <!-- genericLirbrary.JavaUtility -->
