<?xml version="1.0" encoding="UTF-8"?>
<!-- Generated by org.testng.reporters.JUnitReportReporter -->
<testsuite skipped="0" hostname="DESKTOP-FQHLV6B" name="com.crm.VTiger.TestCases.CreateOrganizationWithIndustryTest" tests="1" failures="0" timestamp="2022-09-07T21:20:36 IST" time="20.739" errors="0">
  <testcase name="testcase2" time="20.739" classname="com.crm.VTiger.TestCases.CreateOrganizationWithIndustryTest"/>
  <system-out/>
</testsuite> <!-- com.crm.VTiger.TestCases.CreateOrganizationWithIndustryTest -->
