<?xml version="1.0" encoding="UTF-8"?>
<!-- Generated by org.testng.reporters.JUnitReportReporter -->
<testsuite hostname="DESKTOP-FQHLV6B" failures="0" tests="3" name="com.crm.VTiger.TestCases.DataProviderTest" time="0.022" errors="0" timestamp="2022-09-06T17:09:33 IST" skipped="0">
  <testcase classname="com.crm.VTiger.TestCases.DataProviderTest" name="gettingData" time="0.003"/>
  <system-out/>
  <testcase classname="com.crm.VTiger.TestCases.DataProviderTest" name="gettingData" time="0.002"/>
  <system-out/>
  <testcase classname="com.crm.VTiger.TestCases.DataProviderTest" name="gettingData" time="0.017"/>
  <system-out/>
</testsuite> <!-- com.crm.VTiger.TestCases.DataProviderTest -->
