<?xml version="1.0" encoding="UTF-8"?>
<!-- Generated by org.testng.reporters.JUnitReportReporter -->
<testsuite skipped="0" hostname="DESKTOP-FQHLV6B" name="com.crm.VTiger.TestCases.PurchaseOrderTest" tests="1" failures="0" timestamp="2022-09-07T21:24:52 IST" time="25.004" errors="0">
  <testcase name="withoutItems" time="25.004" classname="com.crm.VTiger.TestCases.PurchaseOrderTest"/>
  <system-out/>
</testsuite> <!-- com.crm.VTiger.TestCases.PurchaseOrderTest -->
