<?xml version="1.0" encoding="UTF-8"?>
<!-- Generated by org.testng.reporters.JUnitReportReporter -->
<testsuite skipped="0" hostname="DESKTOP-FQHLV6B" name="practiseTestcases.ListPriceTest" tests="1" failures="0" timestamp="2022-09-08T15:08:24 IST" time="29.994" errors="0">
  <testcase name="listPriceTest" time="29.994" classname="practiseTestcases.ListPriceTest"/>
  <system-out/>
</testsuite> <!-- practiseTestcases.ListPriceTest -->
