<?xml version="1.0" encoding="UTF-8"?>
<!-- Generated by org.testng.reporters.JUnitReportReporter -->
<testsuite hostname="DESKTOP-FQHLV6B" failures="0" tests="1" name="com.crm.VTiger.TestCases.CreatePurOrderwithApprovedStatusTest" time="18.666" errors="0" timestamp="2022-09-05T19:37:20 IST" skipped="0">
  <testcase classname="com.crm.VTiger.TestCases.CreatePurOrderwithApprovedStatusTest" name="test5" time="18.666"/>
  <system-out/>
</testsuite> <!-- com.crm.VTiger.TestCases.CreatePurOrderwithApprovedStatusTest -->
