<?xml version="1.0" encoding="UTF-8"?>
<!-- Generated by org.testng.reporters.JUnitReportReporter -->
<testsuite skipped="0" hostname="DESKTOP-FQHLV6B" name="com.crm.VTiger.TestCases.CreatePurchaseOrWithoutItemTest" tests="1" failures="0" timestamp="2022-09-07T21:21:12 IST" time="18.940" errors="0">
  <testcase name="test4" time="18.940" classname="com.crm.VTiger.TestCases.CreatePurchaseOrWithoutItemTest"/>
  <system-out/>
</testsuite> <!-- com.crm.VTiger.TestCases.CreatePurchaseOrWithoutItemTest -->
