<?xml version="1.0" encoding="UTF-8"?>
<!-- Generated by org.testng.reporters.JUnitReportReporter -->
<testsuite skipped="0" hostname="DESKTOP-FQHLV6B" name="genericLirbrary.BaseClass" tests="1" failures="0" timestamp="2022-09-10T20:41:12 IST" time="14.743" errors="0">
  <testcase name="m" time="14.743" classname="genericLirbrary.BaseClass"/>
  <system-out/>
</testsuite> <!-- genericLirbrary.BaseClass -->
