<?xml version="1.0" encoding="UTF-8"?>
<!-- Generated by org.testng.reporters.JUnitReportReporter -->
<testsuite hostname="DESKTOP-FQHLV6B" failures="0" tests="1" name="practisePackage.ReadingDataFromDatabaseTest" time="0.793" errors="0" timestamp="16 Aug 2022 16:36:37 GMT" skipped="0">
  <testcase classname="practisePackage.ReadingDataFromDatabaseTest" name="dataBaseReading" time="0.793"/>
</testsuite> <!-- practisePackage.ReadingDataFromDatabaseTest -->
