<?xml version="1.0" encoding="UTF-8"?>
<!-- Generated by org.testng.reporters.JUnitReportReporter -->
<testsuite hostname="DESKTOP-FQHLV6B" failures="0" tests="1" name="reportsGeneration.Ext_Report" time="7.099" errors="0" timestamp="2022-09-06T16:48:12 IST" skipped="0">
  <testcase classname="reportsGeneration.Ext_Report" name="generateReport" time="7.099"/>
  <system-out/>
</testsuite> <!-- reportsGeneration.Ext_Report -->
