<?xml version="1.0" encoding="UTF-8"?>
<!-- Generated by org.testng.reporters.JUnitReportReporter -->
<testsuite hostname="DESKTOP-FQHLV6B" failures="0" tests="1" name="practisePackage.ReadingDataFromCMDTest" time="0.023" errors="0" timestamp="05 Aug 2022 15:48:22 GMT" skipped="0">
  <testcase classname="practisePackage.ReadingDataFromCMDTest" name="cmdReading" time="0.023"/>
</testsuite> <!-- practisePackage.ReadingDataFromCMDTest -->
