<?xml version="1.0" encoding="UTF-8"?>
<!-- Generated by org.testng.reporters.JUnitReportReporter -->
<testsuite hostname="DESKTOP-FQHLV6B" failures="0" tests="1" name="jdbc_reading.ReadingDataFromJDBCTest" time="1.253" errors="0" timestamp="16 Aug 2022 09:58:10 GMT" skipped="0">
  <testcase classname="jdbc_reading.ReadingDataFromJDBCTest" name="readingJDBCdata" time="1.253"/>
</testsuite> <!-- jdbc_reading.ReadingDataFromJDBCTest -->
