<?xml version="1.0" encoding="UTF-8"?>
<!-- Generated by org.testng.reporters.JUnitReportReporter -->
<testsuite skipped="0" hostname="DESKTOP-FQHLV6B" name="com.crm.VTiger.TestCases.CreateOrganizationTest" tests="1" failures="0" timestamp="2022-09-07T21:19:56 IST" time="19.465" errors="0">
  <testcase name="test1" time="19.465" classname="com.crm.VTiger.TestCases.CreateOrganizationTest"/>
  <system-out/>
</testsuite> <!-- com.crm.VTiger.TestCases.CreateOrganizationTest -->
