<?xml version="1.0" encoding="UTF-8"?>
<!-- Generated by org.testng.reporters.JUnitReportReporter -->
<testsuite hostname="DESKTOP-FQHLV6B" failures="0" tests="1" name="com.crm.VTiger.TestCases.CreatePurchaseOrWithItemTest" time="25.234" errors="0" timestamp="24 Aug 2022 12:18:05 GMT" skipped="0">
  <testcase classname="com.crm.VTiger.TestCases.CreatePurchaseOrWithItemTest" name="test4" time="25.234"/>
</testsuite> <!-- com.crm.VTiger.TestCases.CreatePurchaseOrWithItemTest -->
