<?xml version="1.0" encoding="UTF-8"?>
<!-- Generated by org.testng.reporters.JUnitReportReporter -->
<testsuite hostname="DESKTOP-FQHLV6B" failures="0" tests="1" name="datadriven.ReadingDataFromXmlFileTest" time="0.031" errors="0" timestamp="04 Aug 2022 11:07:41 GMT" skipped="0">
  <testcase classname="datadriven.ReadingDataFromXmlFileTest" name="readingdatafromxml" time="0.031"/>
</testsuite> <!-- datadriven.ReadingDataFromXmlFileTest -->
