<?xml version="1.0" encoding="UTF-8"?>
<!-- Generated by org.testng.reporters.JUnitReportReporter -->
<testsuite hostname="DESKTOP-FQHLV6B" failures="0" tests="1" name="datadriven.ReadingDataFromCMDTest" time="0.064" errors="0" timestamp="05 Aug 2022 12:07:37 GMT" skipped="0">
  <testcase classname="datadriven.ReadingDataFromCMDTest" name="readingCMD" time="0.064"/>
</testsuite> <!-- datadriven.ReadingDataFromCMDTest -->
