<?xml version="1.0" encoding="UTF-8"?>
<!-- Generated by org.testng.reporters.JUnitReportReporter -->
<testsuite hostname="DESKTOP-FQHLV6B" failures="0" tests="1" name="com.crm.VTiger.TestCases.CreateContactTest" time="5.958" errors="0" timestamp="22 Aug 2022 11:25:46 GMT" skipped="0">
  <testcase classname="com.crm.VTiger.TestCases.CreateContactTest" name="testcase3" time="5.958"/>
</testsuite> <!-- com.crm.VTiger.TestCases.CreateContactTest -->
