<?xml version="1.0" encoding="UTF-8"?>
<!-- Generated by org.testng.reporters.JUnitReportReporter -->
<testsuite hostname="DESKTOP-FQHLV6B" failures="0" tests="1" name="com.crm.VTiger.TestCases.CreatePurOrderWithMan" time="30.196" errors="0" timestamp="24 Aug 2022 12:16:20 GMT" skipped="0">
  <testcase classname="com.crm.VTiger.TestCases.CreatePurOrderWithMan" name="test5" time="30.196"/>
</testsuite> <!-- com.crm.VTiger.TestCases.CreatePurOrderWithMan -->
