<?xml version="1.0" encoding="UTF-8"?>
<!-- Generated by org.testng.reporters.JUnitReportReporter -->
<testsuite hostname="DESKTOP-FQHLV6B" failures="0" tests="2" name="com.crm.VTiger.TestCases.DemoBaseClass" time="0.012" errors="0" timestamp="30 Aug 2022 11:54:11 GMT" skipped="0">
  <testcase classname="com.crm.VTiger.TestCases.DemoBaseClass" name="createPurchaseOrder" time="0.008"/>
  <testcase classname="com.crm.VTiger.TestCases.DemoBaseClass" name="createContact" time="0.004"/>
</testsuite> <!-- com.crm.VTiger.TestCases.DemoBaseClass -->
