<?xml version="1.0" encoding="UTF-8"?>
<!-- Generated by org.testng.reporters.JUnitReportReporter -->
<testsuite skipped="0" hostname="DESKTOP-FQHLV6B" name="practiseTestcases.IphonePriceComparisionTest" tests="1" failures="0" timestamp="2022-09-09T11:52:40 IST" time="113.983" errors="0">
  <testcase name="flipkartIphonePrice" time="113.983" classname="practiseTestcases.IphonePriceComparisionTest"/>
  <system-out/>
</testsuite> <!-- practiseTestcases.IphonePriceComparisionTest -->
