<?xml version="1.0" encoding="UTF-8"?>
<!-- Generated by org.testng.reporters.JUnitReportReporter -->
<testsuite hostname="DESKTOP-FQHLV6B" failures="0" tests="1" name="jdbc_reading.StoringDataInDatabaseTest" time="0.661" errors="0" timestamp="16 Aug 2022 10:48:39 GMT" skipped="0">
  <testcase classname="jdbc_reading.StoringDataInDatabaseTest" name="storingdbdata" time="0.661"/>
</testsuite> <!-- jdbc_reading.StoringDataInDatabaseTest -->
