<?xml version="1.0" encoding="UTF-8"?>
<!-- Generated by org.testng.reporters.JUnitReportReporter -->
<testsuite hostname="DESKTOP-FQHLV6B" failures="0" tests="1" name="practisePackage.ReadingDataFromExcelTest" time="1.486" errors="0" timestamp="05 Aug 2022 15:27:09 GMT" skipped="0">
  <testcase classname="practisePackage.ReadingDataFromExcelTest" name="excelreading" time="1.486"/>
</testsuite> <!-- practisePackage.ReadingDataFromExcelTest -->
