<?xml version="1.0" encoding="UTF-8"?>
<!-- Generated by org.testng.reporters.JUnitReportReporter -->
<testsuite skipped="0" hostname="DESKTOP-FQHLV6B" name="com.crm.VTiger.TestCases.PurchaseOrderTest" tests="2" failures="0" timestamp="2022-09-16T20:56:41 IST" time="87.542" errors="0">
  <testcase name="withoutItems" time="43.675" classname="com.crm.VTiger.TestCases.PurchaseOrderTest"/>
  <system-out/>
  <testcase name="withoutItems" time="43.867" classname="com.crm.VTiger.TestCases.PurchaseOrderTest"/>
  <system-out/>
</testsuite> <!-- com.crm.VTiger.TestCases.PurchaseOrderTest -->
