<?xml version="1.0" encoding="UTF-8"?>
<!-- Generated by org.testng.reporters.JUnitReportReporter -->
<testsuite hostname="DESKTOP-FQHLV6B" failures="0" tests="1" name="datadriven.ReadingDataFromJason" time="0.098" errors="0" timestamp="04 Aug 2022 11:56:56 GMT" skipped="0">
  <testcase classname="datadriven.ReadingDataFromJason" name="jsonReading" time="0.098"/>
</testsuite> <!-- datadriven.ReadingDataFromJason -->
