<?xml version="1.0" encoding="UTF-8"?>
<!-- Generated by org.testng.reporters.JUnitReportReporter -->
<testsuite hostname="DESKTOP-FQHLV6B" failures="0" tests="7" name="com.crm.VTiger.TestCases.DemoTest" time="0.045" errors="0" timestamp="30 Aug 2022 10:50:13 GMT" skipped="1">
  <testcase classname="com.crm.VTiger.TestCases.DemoTest" name="contactTest" time="0.006"/>
  <testcase classname="com.crm.VTiger.TestCases.DemoTest" name="orgTest" time="0.002"/>
  <testcase classname="com.crm.VTiger.TestCases.DemoTest" name="contactTest" time="0.004"/>
  <testcase classname="com.crm.VTiger.TestCases.DemoTest" name="contactTest" time="0.007"/>
  <testcase classname="com.crm.VTiger.TestCases.DemoTest" name="contactTest" time="0.021"/>
  <testcase classname="com.crm.VTiger.TestCases.DemoTest" name="contactTest" time="0.005"/>
  <testcase classname="com.crm.VTiger.TestCases.DemoTest" name="purchaseTest">
    <skipped/>
  </testcase> <!-- purchaseTest -->
</testsuite> <!-- com.crm.VTiger.TestCases.DemoTest -->
