<?xml version="1.0" encoding="UTF-8"?>
<!-- Generated by org.testng.reporters.JUnitReportReporter -->
<testsuite hostname="DESKTOP-FQHLV6B" failures="0" tests="1" name="practisePackage.ReadingPropertyFileTest" time="0.029" errors="0" timestamp="05 Aug 2022 15:31:34 GMT" skipped="0">
  <testcase classname="practisePackage.ReadingPropertyFileTest" name="readingProp" time="0.029"/>
</testsuite> <!-- practisePackage.ReadingPropertyFileTest -->
