<?xml version="1.0" encoding="UTF-8"?>
<!-- Generated by org.testng.reporters.JUnitReportReporter -->
<testsuite skipped="0" hostname="DESKTOP-FQHLV6B" name="practiseTestcases.ValidateAscendingOrderTest" tests="1" failures="0" timestamp="2022-09-08T15:23:44 IST" time="21.861" errors="0">
  <testcase name="validateAscendingTest" time="21.861" classname="practiseTestcases.ValidateAscendingOrderTest"/>
  <system-out/>
</testsuite> <!-- practiseTestcases.ValidateAscendingOrderTest -->
