<?xml version="1.0" encoding="UTF-8"?>
<!-- Generated by org.testng.reporters.JUnitReportReporter -->
<testsuite hostname="DESKTOP-FQHLV6B" failures="0" tests="1" name="datadriven.ReadingDataFromExcelFileTest" time="1.365" errors="0" timestamp="05 Aug 2022 10:24:16 GMT" skipped="0">
  <testcase classname="datadriven.ReadingDataFromExcelFileTest" name="readingDataFromExcel" time="1.365"/>
</testsuite> <!-- datadriven.ReadingDataFromExcelFileTest -->
