<?xml version="1.0" encoding="UTF-8"?>
<!-- Generated by org.testng.reporters.JUnitReportReporter -->
<testsuite hostname="DESKTOP-FQHLV6B" failures="0" tests="1" name="com.crm.VTiger.TestCases.CreatePurOrderwithAppStatusTest" time="21.723" errors="0" timestamp="30 Aug 2022 12:09:53 GMT" skipped="0">
  <testcase classname="com.crm.VTiger.TestCases.CreatePurOrderwithAppStatusTest" name="test5" time="21.723"/>
</testsuite> <!-- com.crm.VTiger.TestCases.CreatePurOrderwithAppStatusTest -->
