<?xml version="1.0" encoding="UTF-8"?>
<!-- Generated by org.testng.reporters.JUnitReportReporter -->
<testsuite hostname="DESKTOP-FQHLV6B" failures="0" tests="1" name="practisePackage.StoringDataIndatabaseTest" time="0.661" errors="0" timestamp="16 Aug 2022 16:46:39 GMT" skipped="0">
  <testcase classname="practisePackage.StoringDataIndatabaseTest" name="storedataindatabase" time="0.661"/>
</testsuite> <!-- practisePackage.StoringDataIndatabaseTest -->
