<?xml version="1.0" encoding="UTF-8"?>
<!-- Generated by org.testng.reporters.JUnitReportReporter -->
<testsuite hostname="DESKTOP-FQHLV6B" failures="0" tests="1" name="practisePackage.ReadingDataFromXmlTest" time="0.026" errors="0" timestamp="05 Aug 2022 15:40:57 GMT" skipped="0">
  <testcase classname="practisePackage.ReadingDataFromXmlTest" name="xmlFileReading" time="0.026"/>
</testsuite> <!-- practisePackage.ReadingDataFromXmlTest -->
