<?xml version="1.0" encoding="UTF-8"?>
<!-- Generated by org.testng.reporters.JUnitReportReporter -->
<testsuite hostname="DESKTOP-FQHLV6B" failures="0" tests="1" name="com.crm.VTiger.TestCases.Testcase2" time="20.576" errors="0" timestamp="17 Aug 2022 10:51:37 GMT" skipped="0">
  <testcase classname="com.crm.VTiger.TestCases.Testcase2" name="testcase2" time="20.576"/>
</testsuite> <!-- com.crm.VTiger.TestCases.Testcase2 -->
